c:\users\82065\source\repos\cuda c++\problemset2\x64\debug\vc142.pdb
c:\users\82065\source\repos\cuda c++\problemset2\x64\debug\vc142.idb
c:\users\82065\source\repos\cuda c++\problemset2\x64\debug\reference_calc.obj
c:\users\82065\source\repos\cuda c++\problemset2\x64\debug\main.obj
c:\users\82065\source\repos\cuda c++\problemset2\x64\debug\hw2.obj
c:\users\82065\source\repos\cuda c++\problemset2\x64\debug\compare.obj
x64\debug\student_func.cu.obj
c:\users\82065\source\repos\cuda c++\problemset2\x64\debug\student_func.cu.cache
c:\users\82065\source\repos\cuda c++\problemset2\x64\debug\student_func.cu.obj
c:\users\82065\source\repos\cuda c++\x64\debug\problemset2.pdb
c:\users\82065\source\repos\cuda c++\problemset2\x64\debug\problemset2.tlog\cl.command.1.tlog
c:\users\82065\source\repos\cuda c++\problemset2\x64\debug\problemset2.tlog\cl.read.1.tlog
c:\users\82065\source\repos\cuda c++\problemset2\x64\debug\problemset2.tlog\cl.write.1.tlog
c:\users\82065\source\repos\cuda c++\problemset2\x64\debug\problemset2.tlog\cudacompile.read.1u.tlog
c:\users\82065\source\repos\cuda c++\problemset2\x64\debug\problemset2.tlog\cudacompile.write.1u.tlog
c:\users\82065\source\repos\cuda c++\problemset2\x64\debug\problemset2.tlog\link.16420-cvtres.read.1.tlog
c:\users\82065\source\repos\cuda c++\problemset2\x64\debug\problemset2.tlog\link.16420-cvtres.write.1.tlog
c:\users\82065\source\repos\cuda c++\problemset2\x64\debug\problemset2.tlog\link.16420-rc.read.1.tlog
c:\users\82065\source\repos\cuda c++\problemset2\x64\debug\problemset2.tlog\link.16420-rc.write.1.tlog
c:\users\82065\source\repos\cuda c++\problemset2\x64\debug\problemset2.tlog\link.16420.read.1.tlog
c:\users\82065\source\repos\cuda c++\problemset2\x64\debug\problemset2.tlog\link.16420.write.1.tlog
c:\users\82065\source\repos\cuda c++\problemset2\x64\debug\problemset2.tlog\link.command.1.tlog
c:\users\82065\source\repos\cuda c++\problemset2\x64\debug\problemset2.tlog\link.read.1.tlog
c:\users\82065\source\repos\cuda c++\problemset2\x64\debug\problemset2.tlog\link.write.1.tlog
