c:\users\82065\source\repos\cuda c++\problemset1\x64\debug\vc142.pdb
c:\users\82065\source\repos\cuda c++\problemset1\x64\debug\vc142.idb
c:\users\82065\source\repos\cuda c++\problemset1\x64\debug\reference_calc.obj
c:\users\82065\source\repos\cuda c++\problemset1\x64\debug\main.obj
c:\users\82065\source\repos\cuda c++\problemset1\x64\debug\hw1.obj
c:\users\82065\source\repos\cuda c++\problemset1\x64\debug\compare.obj
c:\users\82065\source\repos\cuda c++\x64\debug\problemset1.exe
c:\users\82065\source\repos\cuda c++\x64\debug\problemset1.ilk
c:\users\82065\source\repos\cuda c++\x64\debug\problemset1.pdb
c:\users\82065\source\repos\cuda c++\x64\debug\problemset1.lib
c:\users\82065\source\repos\cuda c++\x64\debug\problemset1.exp
c:\users\82065\source\repos\cuda c++\problemset1\x64\debug\student_func.cu.cache
c:\users\82065\source\repos\cuda c++\problemset1\x64\debug\student_func.cu.obj
c:\users\82065\source\repos\cuda c++\problemset1\x64\debug\problemset1.tlog\cl.command.1.tlog
c:\users\82065\source\repos\cuda c++\problemset1\x64\debug\problemset1.tlog\cl.read.1.tlog
c:\users\82065\source\repos\cuda c++\problemset1\x64\debug\problemset1.tlog\cl.write.1.tlog
c:\users\82065\source\repos\cuda c++\problemset1\x64\debug\problemset1.tlog\cudacompile.read.1u.tlog
c:\users\82065\source\repos\cuda c++\problemset1\x64\debug\problemset1.tlog\cudacompile.write.1u.tlog
c:\users\82065\source\repos\cuda c++\problemset1\x64\debug\problemset1.tlog\link.command.1.tlog
c:\users\82065\source\repos\cuda c++\problemset1\x64\debug\problemset1.tlog\link.read.1.tlog
c:\users\82065\source\repos\cuda c++\problemset1\x64\debug\problemset1.tlog\link.write.1.tlog
c:\users\82065\source\repos\cuda c++\problemset1\x64\debug\problemset1.tlog\problemset1.write.1u.tlog
